TN:
SF:src/App.tsx
FN:1,(empty-report)
FNF:1
FNH:0
FNDA:0,(empty-report)
DA:1,0
DA:2,0
DA:4,0
DA:5,0
DA:6,0
DA:7,0
DA:8,0
DA:10,0
DA:12,0
LF:9
LH:0
BRDA:1,0,0,0
BRF:1
BRH:0
end_of_record
TN:
SF:src/audio/AudioSystem.ts
FN:1,(empty-report)
FNF:1
FNH:1
FNDA:1,(empty-report)
DA:6,0
DA:7,0
DA:8,0
DA:9,0
DA:10,0
DA:12,0
DA:14,0
DA:20,0
DA:21,0
DA:23,0
DA:24,0
DA:25,0
DA:28,0
DA:29,0
DA:32,0
DA:33,0
DA:34,0
DA:35,0
DA:36,0
DA:37,0
DA:38,0
DA:39,0
DA:40,0
DA:43,0
DA:46,0
DA:48,0
DA:49,0
DA:50,0
DA:51,0
DA:52,0
DA:53,0
DA:54,0
DA:55,0
DA:56,0
DA:57,0
DA:62,0
DA:63,0
DA:65,0
DA:66,0
DA:68,0
DA:69,0
DA:71,0
DA:72,0
DA:73,0
DA:75,0
DA:76,0
DA:77,0
DA:78,0
DA:79,0
DA:81,0
DA:82,0
DA:83,0
DA:88,0
DA:89,0
DA:90,0
DA:91,0
DA:92,0
DA:93,0
DA:94,0
DA:95,0
DA:96,0
DA:101,0
DA:102,0
DA:103,0
DA:104,0
DA:105,0
DA:110,0
DA:111,0
DA:112,0
DA:113,0
DA:114,0
DA:120,0
DA:121,0
DA:122,0
DA:123,0
DA:124,0
DA:125,0
DA:126,0
DA:127,0
DA:132,0
DA:133,0
DA:134,0
DA:135,0
DA:136,0
DA:137,0
DA:138,0
DA:139,0
DA:140,0
DA:141,0
DA:142,0
DA:143,0
DA:144,0
LF:92
LH:0
BRDA:1,0,0,1
BRF:1
BRH:1
end_of_record
TN:
SF:src/components/EmulatorScreen.tsx
FN:1,(empty-report)
FNF:1
FNH:0
FNDA:0,(empty-report)
DA:1,0
DA:2,0
DA:3,0
DA:4,0
DA:5,0
DA:6,0
DA:7,0
DA:18,0
DA:19,0
DA:20,0
DA:21,0
DA:22,0
DA:23,0
DA:24,0
DA:25,0
DA:26,0
DA:27,0
DA:28,0
DA:29,0
DA:30,0
DA:31,0
DA:32,0
DA:33,0
DA:35,0
DA:36,0
DA:37,0
DA:38,0
DA:39,0
DA:40,0
DA:41,0
DA:42,0
DA:43,0
DA:45,0
DA:46,0
DA:47,0
DA:48,0
DA:50,0
DA:51,0
DA:52,0
DA:53,0
DA:54,0
DA:55,0
DA:56,0
DA:57,0
DA:58,0
DA:61,0
DA:62,0
DA:63,0
DA:64,0
DA:65,0
DA:66,0
DA:69,0
DA:70,0
DA:71,0
DA:72,0
DA:73,0
DA:76,0
DA:77,0
DA:78,0
DA:79,0
DA:80,0
DA:81,0
DA:82,0
DA:83,0
DA:85,0
DA:87,0
DA:88,0
DA:89,0
DA:90,0
DA:91,0
DA:94,0
DA:95,0
DA:96,0
DA:97,0
DA:98,0
DA:99,0
DA:100,0
DA:102,0
DA:103,0
DA:104,0
DA:106,0
DA:107,0
DA:109,0
DA:110,0
DA:111,0
DA:112,0
DA:113,0
DA:114,0
DA:115,0
DA:116,0
DA:117,0
DA:118,0
DA:119,0
DA:120,0
DA:121,0
DA:122,0
DA:124,0
DA:125,0
DA:126,0
DA:127,0
DA:128,0
DA:129,0
DA:130,0
DA:131,0
DA:132,0
DA:134,0
DA:135,0
DA:136,0
DA:137,0
DA:138,0
DA:139,0
DA:140,0
DA:141,0
DA:142,0
DA:143,0
DA:144,0
DA:146,0
DA:147,0
DA:148,0
DA:150,0
DA:151,0
DA:152,0
DA:153,0
DA:154,0
DA:155,0
DA:156,0
DA:157,0
DA:158,0
DA:159,0
DA:160,0
DA:162,0
DA:163,0
DA:164,0
DA:165,0
DA:168,0
DA:169,0
DA:170,0
DA:171,0
DA:172,0
DA:173,0
DA:174,0
DA:175,0
DA:176,0
DA:177,0
DA:179,0
DA:180,0
DA:181,0
DA:184,0
DA:185,0
DA:186,0
DA:187,0
DA:190,0
DA:191,0
DA:192,0
DA:193,0
DA:196,0
DA:197,0
DA:198,0
DA:199,0
DA:200,0
DA:201,0
DA:202,0
DA:203,0
DA:205,0
DA:206,0
DA:207,0
DA:208,0
DA:209,0
DA:210,0
DA:212,0
DA:213,0
DA:215,0
DA:216,0
DA:217,0
DA:218,0
DA:219,0
DA:220,0
DA:221,0
DA:222,0
DA:224,0
DA:225,0
DA:226,0
DA:227,0
DA:228,0
DA:229,0
DA:230,0
DA:231,0
DA:232,0
DA:233,0
DA:234,0
DA:235,0
DA:236,0
DA:237,0
DA:238,0
DA:239,0
DA:240,0
DA:241,0
DA:243,0
DA:244,0
DA:245,0
DA:246,0
DA:247,0
DA:248,0
DA:249,0
DA:251,0
DA:252,0
DA:253,0
DA:254,0
DA:255,0
DA:256,0
DA:257,0
DA:259,0
DA:260,0
DA:261,0
DA:262,0
DA:263,0
DA:264,0
DA:265,0
DA:266,0
DA:267,0
DA:268,0
DA:269,0
DA:270,0
DA:271,0
DA:272,0
DA:273,0
DA:275,0
DA:276,0
DA:277,0
DA:278,0
DA:279,0
DA:280,0
DA:281,0
DA:282,0
DA:283,0
DA:284,0
DA:285,0
DA:286,0
DA:288,0
DA:289,0
DA:290,0
DA:291,0
DA:292,0
DA:294,0
LF:244
LH:0
BRDA:1,0,0,0
BRF:1
BRH:0
end_of_record
TN:
SF:src/core/IEmulatorCore.ts
FNF:0
FNH:0
DA:69,1
DA:70,1
DA:71,1
DA:72,1
DA:73,1
DA:74,1
DA:75,1
DA:76,1
DA:77,1
DA:78,1
DA:79,1
DA:80,1
DA:81,1
DA:82,1
LF:14
LH:14
BRF:0
BRH:0
end_of_record
TN:
SF:src/core/LibRetroCore.ts
FN:1,(empty-report)
FNF:1
FNH:1
FNDA:1,(empty-report)
DA:7,0
DA:8,0
DA:9,0
DA:10,0
DA:11,0
DA:12,0
DA:13,0
DA:14,0
DA:15,0
DA:16,0
DA:17,0
DA:18,0
DA:19,0
DA:20,0
DA:21,0
DA:22,0
DA:23,0
DA:24,0
DA:25,0
DA:26,0
DA:27,0
DA:28,0
DA:29,0
DA:30,0
DA:31,0
DA:32,0
DA:33,0
DA:34,0
DA:35,0
DA:36,0
DA:37,0
DA:38,0
DA:39,0
DA:40,0
DA:41,0
DA:42,0
DA:43,0
DA:44,0
DA:49,0
DA:50,0
DA:51,0
DA:52,0
DA:53,0
DA:58,0
DA:59,0
DA:60,0
DA:61,0
DA:62,0
DA:63,0
DA:64,0
DA:65,0
DA:66,0
DA:152,0
DA:154,0
DA:155,0
DA:158,0
DA:159,0
DA:162,0
DA:163,0
DA:164,0
DA:165,0
DA:166,0
DA:167,0
DA:170,0
DA:171,0
DA:172,0
DA:175,0
DA:178,0
DA:179,0
DA:182,0
DA:189,0
DA:190,0
DA:194,0
DA:197,0
DA:198,0
DA:199,0
DA:217,0
DA:218,0
DA:219,0
DA:220,0
DA:222,0
DA:225,0
DA:226,0
DA:229,0
DA:233,0
DA:234,0
DA:235,0
DA:239,0
DA:240,0
DA:241,0
DA:244,0
DA:245,0
DA:246,0
DA:249,0
DA:250,0
DA:251,0
DA:255,0
DA:256,0
DA:257,0
DA:261,0
DA:262,0
DA:263,0
DA:266,0
DA:268,0
DA:269,0
DA:270,0
DA:271,0
DA:272,0
DA:273,0
DA:274,0
DA:285,0
DA:286,0
DA:288,0
DA:289,0
DA:292,0
DA:297,0
DA:299,0
DA:301,0
DA:303,0
DA:304,0
DA:305,0
DA:307,0
DA:308,0
DA:309,0
DA:310,0
DA:314,0
DA:315,0
DA:316,0
DA:318,0
DA:319,0
DA:320,0
DA:323,0
DA:326,0
DA:327,0
DA:328,0
DA:329,0
DA:331,0
DA:332,0
DA:333,0
DA:336,0
DA:337,0
DA:338,0
DA:356,0
DA:357,0
DA:358,0
DA:360,0
DA:361,0
DA:362,0
DA:363,0
DA:364,0
DA:366,0
DA:368,0
DA:369,0
DA:370,0
DA:371,0
DA:372,0
DA:373,0
DA:374,0
DA:375,0
DA:376,0
DA:377,0
DA:379,0
DA:380,0
DA:383,0
DA:384,0
DA:385,0
DA:386,0
DA:387,0
DA:389,0
DA:391,0
DA:392,0
DA:393,0
DA:394,0
DA:396,0
DA:399,0
DA:401,0
DA:403,0
DA:404,0
DA:405,0
DA:406,0
DA:422,0
DA:423,0
DA:424,0
DA:427,0
DA:428,0
DA:429,0
DA:430,0
DA:431,0
DA:432,0
DA:435,0
DA:436,0
DA:437,0
DA:439,0
DA:440,0
DA:441,0
DA:442,0
DA:443,0
DA:444,0
DA:445,0
DA:446,0
DA:447,0
DA:448,0
DA:449,0
DA:450,0
DA:451,0
DA:454,0
DA:455,0
DA:456,0
DA:458,0
DA:459,0
DA:477,0
DA:479,0
DA:480,0
DA:481,0
DA:482,0
DA:485,0
DA:486,0
DA:487,0
DA:488,0
DA:489,0
DA:491,0
DA:494,0
DA:496,0
DA:497,0
DA:510,0
DA:511,0
DA:513,0
DA:516,0
DA:517,0
DA:518,0
DA:519,0
DA:522,0
DA:525,0
DA:526,0
DA:527,0
DA:530,0
DA:531,0
DA:532,0
DA:533,0
DA:534,0
DA:535,0
DA:536,0
DA:538,0
DA:539,0
DA:540,0
DA:541,0
DA:544,0
DA:545,0
DA:546,0
DA:547,0
DA:548,0
DA:549,0
DA:550,0
DA:553,0
DA:554,0
DA:555,0
DA:556,0
DA:559,0
DA:562,0
DA:563,0
DA:564,0
DA:567,0
DA:568,0
DA:569,0
DA:570,0
DA:571,0
DA:572,0
DA:573,0
DA:574,0
DA:589,0
DA:593,0
DA:594,0
DA:597,0
DA:598,0
DA:599,0
DA:600,0
DA:601,0
DA:618,0
DA:620,0
DA:624,0
DA:625,0
DA:626,0
DA:628,0
DA:629,0
DA:640,0
DA:643,0
DA:659,0
DA:661,0
DA:662,0
DA:663,0
DA:666,0
DA:667,0
DA:668,0
DA:679,0
DA:680,0
DA:681,0
DA:682,0
DA:684,0
DA:685,0
DA:686,0
DA:688,0
DA:690,0
DA:691,0
DA:692,0
DA:693,0
DA:696,0
DA:697,0
DA:700,0
DA:701,0
DA:702,0
DA:703,0
DA:704,0
DA:705,0
DA:708,0
DA:711,0
DA:712,0
DA:714,0
DA:715,0
DA:716,0
DA:718,0
DA:719,0
DA:722,0
DA:723,0
DA:724,0
DA:725,0
DA:726,0
DA:727,0
DA:728,0
DA:729,0
DA:730,0
DA:741,0
DA:742,0
DA:743,0
DA:744,0
DA:745,0
DA:746,0
DA:747,0
DA:748,0
DA:749,0
DA:750,0
DA:753,0
DA:754,0
DA:758,0
DA:761,0
DA:762,0
DA:763,0
DA:764,0
DA:774,0
DA:775,0
DA:776,0
DA:777,0
DA:778,0
DA:788,0
DA:790,0
DA:791,0
DA:814,0
DA:815,0
DA:816,0
DA:817,0
DA:818,0
DA:819,0
DA:837,0
DA:838,0
DA:839,0
DA:840,0
DA:841,0
DA:842,0
DA:843,0
DA:844,0
DA:845,0
DA:846,0
DA:849,0
DA:850,0
DA:851,0
DA:852,0
DA:855,0
DA:856,0
DA:857,0
DA:858,0
DA:860,0
DA:862,0
DA:863,0
DA:864,0
DA:865,0
DA:868,0
DA:869,0
DA:870,0
DA:872,0
DA:873,0
DA:875,0
DA:876,0
DA:877,0
DA:891,0
DA:892,0
DA:893,0
DA:894,0
DA:895,0
DA:896,0
DA:897,0
DA:898,0
DA:899,0
DA:900,0
DA:903,0
DA:904,0
DA:905,0
DA:906,0
DA:908,0
DA:910,0
DA:911,0
DA:914,0
DA:915,0
DA:916,0
DA:917,0
DA:919,0
DA:920,0
DA:922,0
DA:923,0
DA:924,0
DA:932,0
DA:933,0
DA:934,0
DA:935,0
DA:936,0
DA:937,0
DA:938,0
DA:939,0
DA:940,0
DA:948,0
DA:949,0
DA:950,0
DA:951,0
DA:952,0
DA:953,0
DA:954,0
DA:955,0
DA:956,0
DA:957,0
DA:958,0
DA:959,0
DA:960,0
DA:969,0
DA:970,0
DA:971,0
DA:972,0
DA:975,0
DA:976,0
DA:978,0
DA:979,0
DA:981,0
DA:982,0
DA:983,0
DA:984,0
DA:985,0
DA:986,0
DA:987,0
DA:988,0
DA:990,0
DA:991,0
DA:992,0
DA:993,0
DA:994,0
DA:995,0
DA:996,0
DA:997,0
DA:999,0
DA:1000,0
DA:1001,0
LF:467
LH:0
BRDA:1,0,0,1
BRF:1
BRH:1
end_of_record
TN:
SF:src/core/MockSnesCore.ts
FN:22,<instance_members_initializer>
FN:31,initialize
FN:36,loadROM
FN:40,runFrame
FN:48,getBuffer
FN:54,getAudioSamples
FN:58,setInput
FN:65,saveState
FN:69,loadState
FN:73,reset
FN:78,cleanup
FN:86,generateMockFrame
FN:120,drawText
FN:160,setPixel
FN:173,drawInputIndicators
FN:174,drawBox
FNF:16
FNH:16
FNDA:55,<instance_members_initializer>
FNDA:57,initialize
FNDA:10,loadROM
FNDA:144,runFrame
FNDA:9,getBuffer
FNDA:7,getAudioSamples
FNDA:20,setInput
FNDA:7,saveState
FNDA:6,loadState
FNDA:7,reset
FNDA:6,cleanup
FNDA:143,generateMockFrame
FNDA:286,drawText
FNDA:55055,setPixel
FNDA:143,drawInputIndicators
FNDA:246,drawBox
DA:22,1
DA:23,55
DA:24,55
DA:25,55
DA:26,55
DA:27,55
DA:28,55
DA:29,55
DA:31,55
DA:32,57
DA:33,57
DA:34,57
DA:36,55
DA:37,10
DA:38,10
DA:40,55
DA:41,144
DA:42,1
DA:43,1
DA:44,143
DA:45,143
DA:46,144
DA:48,55
DA:49,9
DA:50,9
DA:51,9
DA:52,9
DA:54,55
DA:55,7
DA:56,7
DA:58,55
DA:59,20
DA:60,5
DA:61,5
DA:62,15
DA:63,20
DA:65,55
DA:66,7
DA:67,7
DA:69,55
DA:70,6
DA:71,6
DA:73,55
DA:74,7
DA:75,7
DA:76,7
DA:78,55
DA:79,6
DA:80,6
DA:86,55
DA:87,143
DA:90,143
DA:91,32032
DA:92,8200192
DA:93,8200192
DA:94,8200192
DA:95,8200192
DA:97,8200192
DA:98,8200192
DA:99,8200192
DA:100,8200192
DA:101,8200192
DA:102,32032
DA:105,143
DA:106,143
DA:109,143
DA:112,143
DA:113,292864
DA:114,292864
DA:115,143
DA:120,55
DA:122,286
DA:123,286
DA:124,286
DA:125,286
DA:126,286
DA:127,286
DA:128,286
DA:129,286
DA:130,286
DA:131,286
DA:132,286
DA:133,286
DA:134,286
DA:135,286
DA:136,286
DA:137,286
DA:138,286
DA:139,286
DA:140,286
DA:142,286
DA:143,286
DA:144,4719
DA:145,4719
DA:146,23595
DA:147,23595
DA:148,188760
DA:149,55055
DA:150,55055
DA:151,188760
DA:152,23595
DA:153,4719
DA:154,4719
DA:155,286
DA:160,55
DA:161,55055
DA:162,55055
DA:163,55055
DA:164,55055
DA:165,55055
DA:166,55055
DA:167,55055
DA:168,55055
DA:173,55
DA:174,143
DA:175,246
DA:176,4310
DA:177,86200
DA:178,86200
DA:179,86200
DA:180,86200
DA:181,86200
DA:182,86200
DA:183,86200
DA:184,86200
DA:185,86200
DA:186,86200
DA:187,4310
DA:188,246
DA:191,143
DA:192,143
DA:193,143
DA:196,143
DA:197,0
DA:198,0
DA:199,143
DA:200,0
DA:201,0
DA:202,143
DA:203,0
DA:204,0
DA:205,143
DA:206,0
DA:207,0
DA:210,143
DA:211,143
DA:212,62
DA:213,62
DA:214,143
DA:215,123
DA:216,123
DA:217,143
DA:218,0
DA:219,0
DA:220,143
DA:221,0
DA:222,0
DA:225,143
DA:226,0
DA:227,0
DA:228,143
DA:229,0
DA:230,0
DA:233,143
DA:234,143
DA:235,143
DA:236,61
DA:237,61
DA:238,143
DA:239,0
DA:240,0
DA:241,143
DA:242,55
LF:173
LH:155
BRDA:22,0,0,55
BRDA:31,1,0,57
BRDA:36,2,0,10
BRDA:40,3,0,144
BRDA:41,4,0,1
BRDA:43,5,0,143
BRDA:48,6,0,9
BRDA:54,7,0,7
BRDA:58,8,0,20
BRDA:59,9,0,18
BRDA:59,10,0,5
BRDA:61,11,0,15
BRDA:65,12,0,7
BRDA:69,13,0,6
BRDA:73,14,0,7
BRDA:78,15,0,6
BRDA:86,16,0,143
BRDA:90,17,0,32032
BRDA:91,18,0,8200192
BRDA:112,19,0,292864
BRDA:120,20,0,286
BRDA:143,21,0,4719
BRDA:144,22,0,143
BRDA:145,23,0,23595
BRDA:147,24,0,188760
BRDA:148,25,0,55055
BRDA:160,26,0,55055
BRDA:173,27,0,143
BRDA:196,28,0,0
BRDA:199,29,0,0
BRDA:202,30,0,0
BRDA:205,31,0,0
BRDA:211,32,0,62
BRDA:214,33,0,123
BRDA:217,34,0,0
BRDA:220,35,0,0
BRDA:225,36,0,0
BRDA:228,37,0,0
BRDA:235,38,0,61
BRDA:238,39,0,0
BRDA:174,40,0,246
BRDA:175,41,0,4310
BRDA:176,42,0,86200
BRF:43
BRH:34
end_of_record
TN:
SF:src/core/SnesCore.ts
FN:73,<instance_members_initializer>
FN:96,SnesCore
FN:112,initialize
FN:141,isInMockMode
FN:154,loadROM
FN:173,runFrame
FN:188,getBuffer
FN:205,getAudioSamples
FN:247,setInput
FN:269,saveState
FN:291,loadState
FN:307,reset
FN:322,cleanup
FN:341,getCoreInfo
FNF:14
FNH:14
FNDA:29,<instance_members_initializer>
FNDA:29,SnesCore
FNDA:24,initialize
FNDA:4,isInMockMode
FNDA:6,loadROM
FNDA:74,runFrame
FNDA:3,getBuffer
FNDA:3,getAudioSamples
FNDA:8,setInput
FNDA:3,saveState
FNDA:3,loadState
FNDA:3,reset
FNDA:3,cleanup
FNDA:3,getCoreInfo
DA:2,1
DA:3,1
DA:73,1
DA:74,29
DA:75,29
DA:96,29
DA:97,29
DA:98,29
DA:99,29
DA:100,29
DA:101,29
DA:112,29
DA:114,24
DA:116,24
DA:117,23
DA:118,23
DA:119,0
DA:120,23
DA:121,23
DA:122,23
DA:123,23
DA:126,23
DA:127,23
DA:128,23
DA:129,23
DA:130,24
DA:132,1
DA:133,1
DA:134,24
DA:141,29
DA:142,4
DA:143,4
DA:154,29
DA:155,6
DA:156,6
DA:173,29
DA:174,74
DA:175,74
DA:188,29
DA:189,3
DA:190,3
DA:205,29
DA:206,3
DA:207,3
DA:247,29
DA:248,8
DA:249,8
DA:269,29
DA:270,3
DA:271,3
DA:291,29
DA:292,3
DA:293,3
DA:307,29
DA:308,3
DA:309,3
DA:322,29
DA:323,3
DA:324,3
DA:341,29
DA:342,3
DA:343,1
DA:344,1
DA:345,2
DA:346,3
DA:347,29
LF:66
LH:65
BRDA:73,0,0,29
BRDA:96,1,0,29
BRDA:112,2,0,24
BRDA:116,3,0,23
BRDA:118,4,0,0
BRDA:130,5,0,1
BRDA:141,6,0,4
BRDA:154,7,0,6
BRDA:173,8,0,74
BRDA:188,9,0,3
BRDA:205,10,0,3
BRDA:247,11,0,8
BRDA:269,12,0,3
BRDA:291,13,0,3
BRDA:307,14,0,3
BRDA:322,15,0,3
BRDA:341,16,0,3
BRDA:342,17,0,1
BRDA:344,18,0,2
BRF:19
BRH:18
end_of_record
TN:
SF:src/hooks/useEmulator.ts
FN:1,(empty-report)
FNF:1
FNH:0
FNDA:0,(empty-report)
DA:1,0
DA:22,0
DA:23,0
DA:24,0
DA:25,0
DA:26,0
DA:27,0
DA:28,0
DA:29,0
DA:31,0
DA:32,0
DA:33,0
DA:34,0
DA:36,0
DA:38,0
DA:39,0
DA:42,0
DA:43,0
DA:44,0
DA:45,0
DA:46,0
DA:48,0
DA:50,0
DA:52,0
DA:55,0
DA:56,0
DA:57,0
DA:58,0
DA:59,0
DA:62,0
DA:63,0
DA:64,0
DA:65,0
DA:66,0
DA:67,0
DA:70,0
DA:73,0
DA:74,0
DA:75,0
DA:76,0
DA:77,0
DA:78,0
DA:80,0
DA:81,0
DA:82,0
DA:84,0
DA:85,0
DA:86,0
DA:87,0
DA:88,0
DA:89,0
DA:90,0
DA:91,0
DA:93,0
DA:94,0
DA:95,0
DA:96,0
DA:97,0
DA:98,0
DA:99,0
DA:100,0
DA:102,0
DA:103,0
DA:104,0
DA:105,0
DA:106,0
DA:107,0
DA:108,0
DA:111,0
DA:112,0
DA:113,0
DA:114,0
DA:115,0
DA:116,0
DA:117,0
DA:119,0
DA:120,0
DA:121,0
DA:122,0
DA:123,0
DA:124,0
DA:125,0
DA:126,0
DA:127,0
LF:84
LH:0
BRDA:1,0,0,0
BRF:1
BRH:0
end_of_record
TN:
SF:src/hooks/useInput.ts
FN:1,(empty-report)
FNF:1
FNH:0
FNDA:0,(empty-report)
DA:1,0
DA:2,0
DA:7,0
DA:9,0
DA:10,0
DA:11,0
DA:12,0
DA:15,0
DA:16,0
DA:17,0
DA:18,0
DA:21,0
DA:22,0
DA:23,0
DA:24,0
DA:27,0
DA:28,0
DA:31,0
DA:32,0
DA:33,0
DA:38,0
DA:39,0
DA:40,0
DA:41,0
DA:42,0
DA:43,0
DA:44,0
DA:45,0
DA:46,0
DA:47,0
DA:48,0
DA:49,0
DA:50,0
DA:51,0
DA:67,0
DA:68,0
DA:69,0
DA:70,0
DA:71,0
DA:72,0
DA:73,0
DA:75,0
DA:76,0
DA:77,0
DA:78,0
DA:81,0
DA:82,0
DA:84,0
DA:86,0
DA:87,0
DA:88,0
DA:89,0
DA:90,0
DA:93,0
DA:94,0
DA:95,0
DA:96,0
DA:97,0
DA:98,0
DA:99,0
DA:101,0
DA:102,0
DA:103,0
DA:105,0
DA:106,0
DA:107,0
DA:108,0
DA:109,0
DA:112,0
DA:113,0
DA:114,0
DA:115,0
DA:116,0
DA:117,0
DA:118,0
DA:120,0
DA:121,0
DA:122,0
DA:124,0
DA:125,0
DA:127,0
DA:128,0
DA:129,0
DA:130,0
DA:131,0
DA:134,0
DA:135,0
DA:137,0
DA:139,0
DA:140,0
DA:141,0
DA:143,0
DA:144,0
DA:146,0
DA:149,0
DA:150,0
DA:151,0
DA:152,0
DA:153,0
DA:154,0
DA:155,0
DA:156,0
DA:159,0
DA:160,0
DA:161,0
DA:162,0
DA:163,0
DA:164,0
DA:165,0
DA:167,0
DA:168,0
DA:169,0
DA:170,0
DA:172,0
DA:173,0
DA:175,0
DA:176,0
DA:177,0
DA:178,0
DA:180,0
DA:181,0
DA:182,0
DA:183,0
DA:185,0
DA:186,0
DA:188,0
DA:190,0
DA:191,0
DA:192,0
DA:193,0
DA:194,0
DA:195,0
DA:197,0
DA:198,0
DA:199,0
DA:200,0
DA:201,0
LF:137
LH:0
BRDA:1,0,0,0
BRF:1
BRH:0
end_of_record
